
                            < M A T L A B (R) >
                  Copyright 1984-2021 The MathWorks, Inc.
                  R2021b (9.11.0.1769968) 64-bit (glnxa64)
                             September 17, 2021

 
To get started, type doc.
For product information, visit www.mathworks.com.
 

fname_nml =

    '/home/jincanliu/Data-Assimilation-for-Ocean-Current-Forecasts/TUTORIAL_GRIDGEN/namelist/gridgen.east-USA_P25_3.nml'

.........Create grid for east-USA_P25_3..................
.........Reading Boundaries..................
*** No splitting of computation ***
.........Creating Bathymetry..................
read in the base bathymetry 
Generating grid bathymetry ....
Completed 5 per cent of the cells 
Completed 10 per cent of the cells 
Completed 15 per cent of the cells 
Completed 20 per cent of the cells 
Completed 25 per cent of the cells 
Completed 30 per cent of the cells 
Completed 35 per cent of the cells 
Completed 40 per cent of the cells 
Completed 45 per cent of the cells 
Completed 50 per cent of the cells 
Completed 55 per cent of the cells 
Completed 60 per cent of the cells 
Completed 65 per cent of the cells 
Completed 70 per cent of the cells 
Completed 75 per cent of the cells 
Completed 80 per cent of the cells 
Completed 85 per cent of the cells 
Completed 90 per cent of the cells 
Completed 95 per cent of the cells 
Completed 100 per cent of the cells 
.........Computing Boundaries..................
Completed 5 per cent of 188610 boundaries and found 117 internal boundaries 
Completed 10 per cent of 188610 boundaries and found 235 internal boundaries 
Completed 15 per cent of 188610 boundaries and found 398 internal boundaries 
Completed 20 per cent of 188610 boundaries and found 575 internal boundaries 
Completed 25 per cent of 188610 boundaries and found 749 internal boundaries 
Completed 30 per cent of 188610 boundaries and found 923 internal boundaries 
Completed 35 per cent of 188610 boundaries and found 1062 internal boundaries 
Completed 40 per cent of 188610 boundaries and found 1234 internal boundaries 
Completed 45 per cent of 188610 boundaries and found 1423 internal boundaries 
Completed 50 per cent of 188610 boundaries and found 1690 internal boundaries 
Completed 55 per cent of 188610 boundaries and found 1727 internal boundaries 
Completed 60 per cent of 188610 boundaries and found 1750 internal boundaries 
Completed 65 per cent of 188610 boundaries and found 1758 internal boundaries 
Completed 70 per cent of 188610 boundaries and found 1957 internal boundaries 
Completed 75 per cent of 188610 boundaries and found 1957 internal boundaries 
Completed 80 per cent of 188610 boundaries and found 1957 internal boundaries 
Completed 85 per cent of 188610 boundaries and found 2075 internal boundaries 
Completed 90 per cent of 188610 boundaries and found 2116 internal boundaries 
Completed 95 per cent of 188610 boundaries and found 2127 internal boundaries 
Completed 100 per cent of 188610 boundaries and found 2152 internal boundaries 
.........Splitting Boundaries..................
Completed 5 per cent of 2152 boundaries and split into 213 boundaries 
Completed 10 per cent of 2152 boundaries and split into 321 boundaries 
Completed 15 per cent of 2152 boundaries and split into 428 boundaries 
Completed 20 per cent of 2152 boundaries and split into 536 boundaries 
Completed 25 per cent of 2152 boundaries and split into 643 boundaries 
Completed 30 per cent of 2152 boundaries and split into 751 boundaries 
Completed 35 per cent of 2152 boundaries and split into 859 boundaries 
Completed 40 per cent of 2152 boundaries and split into 966 boundaries 
Completed 45 per cent of 2152 boundaries and split into 1074 boundaries 
Completed 50 per cent of 2152 boundaries and split into 1181 boundaries 
Completed 55 per cent of 2152 boundaries and split into 1289 boundaries 
Completed 60 per cent of 2152 boundaries and split into 1397 boundaries 
Completed 65 per cent of 2152 boundaries and split into 1504 boundaries 
Completed 70 per cent of 2152 boundaries and split into 1612 boundaries 
Completed 75 per cent of 2152 boundaries and split into 1719 boundaries 
Completed 80 per cent of 2152 boundaries and split into 1827 boundaries 
Completed 85 per cent of 2152 boundaries and split into 1935 boundaries 
Completed 90 per cent of 2152 boundaries and split into 2042 boundaries 
Completed 95 per cent of 2152 boundaries and split into 2150 boundaries 
Completed 100 per cent of 2152 boundaries and split into 2257 boundaries 
.........Cleaning Mask..................
Completed 5 per cent of land sea mask clean up
Completed 10 per cent of land sea mask clean up
Completed 15 per cent of land sea mask clean up
Completed 20 per cent of land sea mask clean up
Completed 25 per cent of land sea mask clean up
Completed 30 per cent of land sea mask clean up
Completed 35 per cent of land sea mask clean up
Completed 40 per cent of land sea mask clean up
Completed 45 per cent of land sea mask clean up
Completed 50 per cent of land sea mask clean up
Completed 55 per cent of land sea mask clean up
Completed 60 per cent of land sea mask clean up
Completed 65 per cent of land sea mask clean up
Completed 70 per cent of land sea mask clean up
Completed 75 per cent of land sea mask clean up
Completed 80 per cent of land sea mask clean up
Completed 85 per cent of land sea mask clean up
Completed 90 per cent of land sea mask clean up
Completed 95 per cent of land sea mask clean up
Completed 100 per cent of land sea mask clean up
.........Separating Water Bodies..................
2201 Wet cells set to flag id 1 
1 Wet cells set to flag id 2 
5 Wet cells set to flag id 3 
10 Wet cells set to flag id 4 
1 Wet cells set to flag id 5 
Masking out cells with flag set to 2
Masking out cells with flag set to 3
Masking out cells with flag set to 4
Masking out cells with flag set to 5
.........Creating Obstructions..................
 Total Number of cells = 2829
   Number of wet cells = 2201
Preparing the boundaries 
 Completed 10 per cent of boundaries 
 Completed 20 per cent of boundaries 
 Completed 30 per cent of boundaries 
 Completed 40 per cent of boundaries 
 Completed 50 per cent of boundaries 
 Completed 60 per cent of boundaries 
 Completed 70 per cent of boundaries 
 Completed 80 per cent of boundaries 
 Completed 90 per cent of boundaries 
 Completed 100 per cent of boundaries 
Loop through the wet cells to identify boundaries 
 Completed 5 per cent
 Completed 10 per cent
 Completed 15 per cent
 Completed 20 per cent
 Completed 25 per cent
 Completed 30 per cent
 Completed 35 per cent
 Completed 40 per cent
 Completed 45 per cent
 Completed 50 per cent
 Completed 55 per cent
 Completed 60 per cent
 Completed 65 per cent
 Completed 70 per cent
 Completed 75 per cent
 Completed 80 per cent
 Completed 85 per cent
 Completed 90 per cent
 Completed 95 per cent
 Completed 100 per cent
Number of wet cells enclosing boundaries = 133
Computing subgrid obstruction masks for these cells 
Elapsed time is 20.991468 seconds.
[Warning: Closing open netCDF file handles.] 
