
                            < M A T L A B (R) >
                  Copyright 1984-2021 The MathWorks, Inc.
                  R2021b (9.11.0.1769968) 64-bit (glnxa64)
                             September 17, 2021

 
To get started, type doc.
For product information, visit www.mathworks.com.
 

fname_nml =

    '/1t/Data-Assimilation-for-Ocean-Current-Forecasts/TUTORIAL_GRIDGEN/namelist/gridgen.grd0.nml'

.........Create grid for grd0..................
.........Reading Boundaries..................
*** No splitting of computation ***
.........Creating Bathymetry..................
read in the base bathymetry 
Generating grid bathymetry ....
Completed 5 per cent of the cells 
Completed 10 per cent of the cells 
Completed 15 per cent of the cells 
Completed 20 per cent of the cells 
Completed 25 per cent of the cells 
Completed 30 per cent of the cells 
Completed 35 per cent of the cells 
Completed 40 per cent of the cells 
Completed 45 per cent of the cells 
Completed 50 per cent of the cells 
Completed 55 per cent of the cells 
Completed 60 per cent of the cells 
Completed 65 per cent of the cells 
Completed 70 per cent of the cells 
Completed 75 per cent of the cells 
Completed 80 per cent of the cells 
Completed 85 per cent of the cells 
Completed 90 per cent of the cells 
Completed 95 per cent of the cells 
Completed 100 per cent of the cells 
.........Computing Boundaries..................
Completed 5 per cent of 188610 boundaries and found 204 internal boundaries 
Completed 10 per cent of 188610 boundaries and found 404 internal boundaries 
Completed 15 per cent of 188610 boundaries and found 643 internal boundaries 
Completed 20 per cent of 188610 boundaries and found 898 internal boundaries 
Completed 25 per cent of 188610 boundaries and found 1138 internal boundaries 
Completed 30 per cent of 188610 boundaries and found 1373 internal boundaries 
Completed 35 per cent of 188610 boundaries and found 1589 internal boundaries 
Completed 40 per cent of 188610 boundaries and found 1848 internal boundaries 
Completed 45 per cent of 188610 boundaries and found 2101 internal boundaries 
Completed 50 per cent of 188610 boundaries and found 2466 internal boundaries 
Completed 55 per cent of 188610 boundaries and found 2548 internal boundaries 
Completed 60 per cent of 188610 boundaries and found 2586 internal boundaries 
Completed 65 per cent of 188610 boundaries and found 2634 internal boundaries 
Completed 70 per cent of 188610 boundaries and found 2845 internal boundaries 
Completed 75 per cent of 188610 boundaries and found 2847 internal boundaries 
Completed 80 per cent of 188610 boundaries and found 2848 internal boundaries 
Completed 85 per cent of 188610 boundaries and found 2999 internal boundaries 
Completed 90 per cent of 188610 boundaries and found 3040 internal boundaries 
Completed 95 per cent of 188610 boundaries and found 3054 internal boundaries 
Completed 100 per cent of 188610 boundaries and found 3084 internal boundaries 
.........Splitting Boundaries..................
Completed 5 per cent of 3084 boundaries and split into 214 boundaries 
Completed 10 per cent of 3084 boundaries and split into 368 boundaries 
Completed 15 per cent of 3084 boundaries and split into 522 boundaries 
Completed 20 per cent of 3084 boundaries and split into 676 boundaries 
Completed 25 per cent of 3084 boundaries and split into 830 boundaries 
Completed 30 per cent of 3084 boundaries and split into 985 boundaries 
Completed 35 per cent of 3084 boundaries and split into 1139 boundaries 
Completed 40 per cent of 3084 boundaries and split into 1293 boundaries 
Completed 45 per cent of 3084 boundaries and split into 1447 boundaries 
Completed 50 per cent of 3084 boundaries and split into 1601 boundaries 
Completed 55 per cent of 3084 boundaries and split into 1756 boundaries 
Completed 60 per cent of 3084 boundaries and split into 1910 boundaries 
Completed 65 per cent of 3084 boundaries and split into 2064 boundaries 
Completed 70 per cent of 3084 boundaries and split into 2218 boundaries 
Completed 75 per cent of 3084 boundaries and split into 2372 boundaries 
Completed 80 per cent of 3084 boundaries and split into 2527 boundaries 
Completed 85 per cent of 3084 boundaries and split into 2681 boundaries 
Completed 90 per cent of 3084 boundaries and split into 2835 boundaries 
Completed 95 per cent of 3084 boundaries and split into 2989 boundaries 
Completed 100 per cent of 3084 boundaries and split into 3143 boundaries 
.........Cleaning Mask..................
Completed 5 per cent of land sea mask clean up
Completed 10 per cent of land sea mask clean up
Completed 15 per cent of land sea mask clean up
Completed 20 per cent of land sea mask clean up
Completed 25 per cent of land sea mask clean up
Completed 30 per cent of land sea mask clean up
Completed 35 per cent of land sea mask clean up
Completed 40 per cent of land sea mask clean up
Completed 45 per cent of land sea mask clean up
Completed 50 per cent of land sea mask clean up
Completed 55 per cent of land sea mask clean up
Completed 60 per cent of land sea mask clean up
Completed 65 per cent of land sea mask clean up
Completed 70 per cent of land sea mask clean up
Completed 75 per cent of land sea mask clean up
Completed 80 per cent of land sea mask clean up
Completed 85 per cent of land sea mask clean up
Completed 90 per cent of land sea mask clean up
Completed 95 per cent of land sea mask clean up
Completed 100 per cent of land sea mask clean up
.........Separating Water Bodies..................
926 Wet cells set to flag id 1 
1 Wet cells set to flag id 2 
1 Wet cells set to flag id 3 
1 Wet cells set to flag id 4 
1 Wet cells set to flag id 5 
1 Wet cells set to flag id 6 
Masking out cells with flag set to 2
Masking out cells with flag set to 3
Masking out cells with flag set to 4
Masking out cells with flag set to 5
Masking out cells with flag set to 6
.........Creating Obstructions..................
 Total Number of cells = 1271
   Number of wet cells = 926
Preparing the boundaries 
 Completed 10 per cent of boundaries 
 Completed 20 per cent of boundaries 
 Completed 30 per cent of boundaries 
 Completed 40 per cent of boundaries 
 Completed 50 per cent of boundaries 
 Completed 60 per cent of boundaries 
 Completed 70 per cent of boundaries 
 Completed 80 per cent of boundaries 
 Completed 90 per cent of boundaries 
 Completed 100 per cent of boundaries 
Loop through the wet cells to identify boundaries 
 Completed 5 per cent
 Completed 10 per cent
 Completed 15 per cent
 Completed 20 per cent
 Completed 25 per cent
 Completed 30 per cent
 Completed 35 per cent
 Completed 40 per cent
 Completed 45 per cent
 Completed 50 per cent
 Completed 55 per cent
 Completed 60 per cent
 Completed 65 per cent
 Completed 70 per cent
 Completed 75 per cent
 Completed 80 per cent
 Completed 85 per cent
 Completed 90 per cent
 Completed 95 per cent
 Completed 100 per cent
Number of wet cells enclosing boundaries = 102
Computing subgrid obstruction masks for these cells 
Elapsed time is 23.274298 seconds.
[Warning: Closing open netCDF file handles.] 
